<?xml version="1.0" encoding="UTF-8"?>
<testsuite xmlns:xsi="http://www.w3.org/2001/XMLSchema-instance" xsi:noNamespaceSchemaLocation="https://maven.apache.org/surefire/maven-failsafe-plugin/xsd/failsafe-test-report.xsd" version="3.0.2" name="com.banque.users_microservice.controller.ClientControllerIT" time="60.459" tests="6" errors="4" skipped="0" failures="0">
  <properties>
[...]
</properties>
  <testcase name="updateClient_should_return_not_found_when_not_exist" classname="com.banque.users_microservice.controller.ClientControllerIT" time="0.037">
    <system-out><![CDATA[2025-01-03T03:29:08.767+01:00  INFO 122812 --- [Users_microservice] [           main] t.c.s.AnnotationConfigContextLoaderUtils : Could not detect default configuration classes for test class [com.banque.users_microservice.controller.ClientControllerIT]: ClientControllerIT does not declare any static, non-private, non-final, nested classes annotated with @Configuration.
2025-01-03T03:29:08.772+01:00  INFO 122812 --- [Users_microservice] [           main] .b.t.c.SpringBootTestContextBootstrapper : Found @SpringBootConfiguration com.banque.users_microservice.UsersMicroserviceApplication for test class com.banque.users_microservice.controller.ClientControllerIT
]]></system-out>
  </testcase>
  <testcase name="getClientById_should_return_client_when_exist" classname="com.banque.users_microservice.controller.ClientControllerIT" time="0.015">
    <error message="Row was updated or deleted by another transaction (or unsaved-value mapping was incorrect): [com.banque.users_microservice.entity.Client#27fdce6a-682a-4939-8a49-4b19fc9a680c]" type="org.springframework.orm.ObjectOptimisticLockingFailureException"><![CDATA[org.springframework.orm.ObjectOptimisticLockingFailureException: Row was updated or deleted by another transaction (or unsaved-value mapping was incorrect): [com.banque.users_microservice.entity.Client#27fdce6a-682a-4939-8a49-4b19fc9a680c]
	at org.springframework.orm.jpa.vendor.HibernateJpaDialect.convertHibernateAccessException(HibernateJpaDialect.java:325)
	at org.springframework.orm.jpa.vendor.HibernateJpaDialect.translateExceptionIfPossible(HibernateJpaDialect.java:244)
	at org.springframework.orm.jpa.AbstractEntityManagerFactoryBean.translateExceptionIfPossible(AbstractEntityManagerFactoryBean.java:560)
	at org.springframework.dao.support.ChainedPersistenceExceptionTranslator.translateExceptionIfPossible(ChainedPersistenceExceptionTranslator.java:61)
	at org.springframework.dao.support.DataAccessUtils.translateIfNecessary(DataAccessUtils.java:343)
	at org.springframework.dao.support.PersistenceExceptionTranslationInterceptor.invoke(PersistenceExceptionTranslationInterceptor.java:160)
	at org.springframework.aop.framework.ReflectiveMethodInvocation.proceed(ReflectiveMethodInvocation.java:184)
	at org.springframework.data.jpa.repository.support.CrudMethodMetadataPostProcessor$CrudMethodMetadataPopulatingMethodInterceptor.invoke(CrudMethodMetadataPostProcessor.java:165)
	at org.springframework.aop.framework.ReflectiveMethodInvocation.proceed(ReflectiveMethodInvocation.java:184)
	at org.springframework.aop.framework.JdkDynamicAopProxy.invoke(JdkDynamicAopProxy.java:223)
	at jdk.proxy2/jdk.proxy2.$Proxy127.save(Unknown Source)
	at com.banque.users_microservice.controller.ClientControllerIT.getClientById_should_return_client_when_exist(ClientControllerIT.java:60)
	at java.base/java.lang.reflect.Method.invoke(Method.java:580)
	at java.base/java.util.ArrayList.forEach(ArrayList.java:1596)
	at java.base/java.util.ArrayList.forEach(ArrayList.java:1596)
Caused by: org.hibernate.StaleObjectStateException: Row was updated or deleted by another transaction (or unsaved-value mapping was incorrect): [com.banque.users_microservice.entity.Client#27fdce6a-682a-4939-8a49-4b19fc9a680c]
	at org.hibernate.event.internal.DefaultMergeEventListener.entityIsDetached(DefaultMergeEventListener.java:426)
	at org.hibernate.event.internal.DefaultMergeEventListener.merge(DefaultMergeEventListener.java:214)
	at org.hibernate.event.internal.DefaultMergeEventListener.doMerge(DefaultMergeEventListener.java:152)
	at org.hibernate.event.internal.DefaultMergeEventListener.onMerge(DefaultMergeEventListener.java:136)
	at org.hibernate.event.internal.DefaultMergeEventListener.onMerge(DefaultMergeEventListener.java:89)
	at org.hibernate.event.service.internal.EventListenerGroupImpl.fireEventOnEachListener(EventListenerGroupImpl.java:127)
	at org.hibernate.internal.SessionImpl.fireMerge(SessionImpl.java:854)
	at org.hibernate.internal.SessionImpl.merge(SessionImpl.java:840)
	at java.base/jdk.internal.reflect.DirectMethodHandleAccessor.invoke(DirectMethodHandleAccessor.java:103)
	at java.base/java.lang.reflect.Method.invoke(Method.java:580)
	at org.springframework.orm.jpa.SharedEntityManagerCreator$SharedEntityManagerInvocationHandler.invoke(SharedEntityManagerCreator.java:320)
	at jdk.proxy2/jdk.proxy2.$Proxy122.merge(Unknown Source)
	at org.springframework.data.jpa.repository.support.SimpleJpaRepository.save(SimpleJpaRepository.java:626)
	at java.base/jdk.internal.reflect.DirectMethodHandleAccessor.invoke(DirectMethodHandleAccessor.java:103)
	at java.base/java.lang.reflect.Method.invoke(Method.java:580)
	at org.springframework.aop.support.AopUtils.invokeJoinpointUsingReflection(AopUtils.java:359)
	at org.springframework.data.repository.core.support.RepositoryMethodInvoker$RepositoryFragmentMethodInvoker.lambda$new$0(RepositoryMethodInvoker.java:277)
	at org.springframework.data.repository.core.support.RepositoryMethodInvoker.doInvoke(RepositoryMethodInvoker.java:170)
	at org.springframework.data.repository.core.support.RepositoryMethodInvoker.invoke(RepositoryMethodInvoker.java:158)
	at org.springframework.data.repository.core.support.RepositoryComposition$RepositoryFragments.invoke(RepositoryComposition.java:515)
	at org.springframework.data.repository.core.support.RepositoryComposition.invoke(RepositoryComposition.java:284)
	at org.springframework.data.repository.core.support.RepositoryFactorySupport$ImplementationMethodExecutionInterceptor.invoke(RepositoryFactorySupport.java:752)
	at org.springframework.aop.framework.ReflectiveMethodInvocation.proceed(ReflectiveMethodInvocation.java:184)
	at org.springframework.data.repository.core.support.QueryExecutorMethodInterceptor.doInvoke(QueryExecutorMethodInterceptor.java:174)
	at org.springframework.data.repository.core.support.QueryExecutorMethodInterceptor.invoke(QueryExecutorMethodInterceptor.java:149)
	at org.springframework.aop.framework.ReflectiveMethodInvocation.proceed(ReflectiveMethodInvocation.java:184)
	at org.springframework.data.projection.DefaultMethodInvokingMethodInterceptor.invoke(DefaultMethodInvokingMethodInterceptor.java:69)
	at org.springframework.aop.framework.ReflectiveMethodInvocation.proceed(ReflectiveMethodInvocation.java:184)
	at org.springframework.transaction.interceptor.TransactionAspectSupport.invokeWithinTransaction(TransactionAspectSupport.java:380)
	at org.springframework.transaction.interceptor.TransactionInterceptor.invoke(TransactionInterceptor.java:119)
	at org.springframework.aop.framework.ReflectiveMethodInvocation.proceed(ReflectiveMethodInvocation.java:184)
	at org.springframework.dao.support.PersistenceExceptionTranslationInterceptor.invoke(PersistenceExceptionTranslationInterceptor.java:138)
	... 9 more
]]></error>
  </testcase>
  <testcase name="createClient_should_return_created_client" classname="com.banque.users_microservice.controller.ClientControllerIT" time="60.36">
    <error message="Request processing failed: org.springframework.kafka.KafkaException: Send failed" type="jakarta.servlet.ServletException"><![CDATA[jakarta.servlet.ServletException: Request processing failed: org.springframework.kafka.KafkaException: Send failed
	at org.springframework.web.servlet.FrameworkServlet.processRequest(FrameworkServlet.java:1022)
	at org.springframework.web.servlet.FrameworkServlet.doPost(FrameworkServlet.java:914)
	at jakarta.servlet.http.HttpServlet.service(HttpServlet.java:590)
	at org.springframework.web.servlet.FrameworkServlet.service(FrameworkServlet.java:885)
	at org.springframework.test.web.servlet.TestDispatcherServlet.service(TestDispatcherServlet.java:72)
	at jakarta.servlet.http.HttpServlet.service(HttpServlet.java:658)
	at org.springframework.mock.web.MockFilterChain$ServletFilterProxy.doFilter(MockFilterChain.java:165)
	at org.springframework.mock.web.MockFilterChain.doFilter(MockFilterChain.java:132)
	at org.springframework.web.filter.RequestContextFilter.doFilterInternal(RequestContextFilter.java:100)
	at org.springframework.web.filter.OncePerRequestFilter.doFilter(OncePerRequestFilter.java:116)
	at org.springframework.test.web.servlet.setup.MockMvcFilterDecorator.doFilter(MockMvcFilterDecorator.java:162)
	at org.springframework.mock.web.MockFilterChain.doFilter(MockFilterChain.java:132)
	at org.springframework.web.filter.FormContentFilter.doFilterInternal(FormContentFilter.java:93)
	at org.springframework.web.filter.OncePerRequestFilter.doFilter(OncePerRequestFilter.java:116)
	at org.springframework.test.web.servlet.setup.MockMvcFilterDecorator.doFilter(MockMvcFilterDecorator.java:162)
	at org.springframework.mock.web.MockFilterChain.doFilter(MockFilterChain.java:132)
	at org.springframework.web.filter.CharacterEncodingFilter.doFilterInternal(CharacterEncodingFilter.java:201)
	at org.springframework.web.filter.OncePerRequestFilter.doFilter(OncePerRequestFilter.java:116)
	at org.springframework.test.web.servlet.setup.MockMvcFilterDecorator.doFilter(MockMvcFilterDecorator.java:162)
	at org.springframework.mock.web.MockFilterChain.doFilter(MockFilterChain.java:132)
	at org.springframework.test.web.servlet.MockMvc.perform(MockMvc.java:201)
	at com.banque.users_microservice.controller.ClientControllerIT.createClient_should_return_created_client(ClientControllerIT.java:50)
	at java.base/java.lang.reflect.Method.invoke(Method.java:580)
	at java.base/java.util.ArrayList.forEach(ArrayList.java:1596)
	at java.base/java.util.ArrayList.forEach(ArrayList.java:1596)
Caused by: org.springframework.kafka.KafkaException: Send failed
	at org.springframework.kafka.core.KafkaTemplate.doSend(KafkaTemplate.java:835)
	at org.springframework.kafka.core.KafkaTemplate.observeSend(KafkaTemplate.java:792)
	at org.springframework.kafka.core.KafkaTemplate.send(KafkaTemplate.java:575)
	at com.banque.users_microservice.producer.UserEventProducer.sendClientEvent(UserEventProducer.java:22)
	at com.banque.users_microservice.service.ClientService.createClient(ClientService.java:41)
	at com.banque.users_microservice.controller.ClientController.createClient(ClientController.java:24)
	at java.base/jdk.internal.reflect.DirectMethodHandleAccessor.invoke(DirectMethodHandleAccessor.java:103)
	at java.base/java.lang.reflect.Method.invoke(Method.java:580)
	at org.springframework.web.method.support.InvocableHandlerMethod.doInvoke(InvocableHandlerMethod.java:255)
	at org.springframework.web.method.support.InvocableHandlerMethod.invokeForRequest(InvocableHandlerMethod.java:188)
	at org.springframework.web.servlet.mvc.method.annotation.ServletInvocableHandlerMethod.invokeAndHandle(ServletInvocableHandlerMethod.java:118)
	at org.springframework.web.servlet.mvc.method.annotation.RequestMappingHandlerAdapter.invokeHandlerMethod(RequestMappingHandlerAdapter.java:986)
	at org.springframework.web.servlet.mvc.method.annotation.RequestMappingHandlerAdapter.handleInternal(RequestMappingHandlerAdapter.java:891)
	at org.springframework.web.servlet.mvc.method.AbstractHandlerMethodAdapter.handle(AbstractHandlerMethodAdapter.java:87)
	at org.springframework.web.servlet.DispatcherServlet.doDispatch(DispatcherServlet.java:1088)
	at org.springframework.web.servlet.DispatcherServlet.doService(DispatcherServlet.java:978)
	at org.springframework.web.servlet.FrameworkServlet.processRequest(FrameworkServlet.java:1014)
	... 24 more
Caused by: org.apache.kafka.common.errors.TimeoutException: Topic user-events not present in metadata after 60000 ms.
]]></error>
    <system-out><![CDATA[2025-01-03T03:29:09.003+01:00  INFO 122812 --- [Users_microservice] [           main] o.a.k.clients.producer.ProducerConfig    : ProducerConfig values: 
	acks = -1
	auto.include.jmx.reporter = true
	batch.size = 16384
	bootstrap.servers = [localhost:9092]
	buffer.memory = 33554432
	client.dns.lookup = use_all_dns_ips
	client.id = Users_microservice-producer-1
	compression.gzip.level = -1
	compression.lz4.level = 9
	compression.type = none
	compression.zstd.level = 3
	connections.max.idle.ms = 540000
	delivery.timeout.ms = 120000
	enable.idempotence = true
	enable.metrics.push = true
	interceptor.classes = []
	key.serializer = class org.apache.kafka.common.serialization.StringSerializer
	linger.ms = 0
	max.block.ms = 60000
	max.in.flight.requests.per.connection = 5
	max.request.size = 1048576
	metadata.max.age.ms = 300000
	metadata.max.idle.ms = 300000
	metadata.recovery.strategy = none
	metric.reporters = []
	metrics.num.samples = 2
	metrics.recording.level = INFO
	metrics.sample.window.ms = 30000
	partitioner.adaptive.partitioning.enable = true
	partitioner.availability.timeout.ms = 0
	partitioner.class = null
	partitioner.ignore.keys = false
	receive.buffer.bytes = 32768
	reconnect.backoff.max.ms = 1000
	reconnect.backoff.ms = 50
	request.timeout.ms = 30000
	retries = 2147483647
	retry.backoff.max.ms = 1000
	retry.backoff.ms = 100
	sasl.client.callback.handler.class = null
	sasl.jaas.config = null
	sasl.kerberos.kinit.cmd = /usr/bin/kinit
	sasl.kerberos.min.time.before.relogin = 60000
	sasl.kerberos.service.name = null
	sasl.kerberos.ticket.renew.jitter = 0.05
	sasl.kerberos.ticket.renew.window.factor = 0.8
	sasl.login.callback.handler.class = null
	sasl.login.class = null
	sasl.login.connect.timeout.ms = null
	sasl.login.read.timeout.ms = null
	sasl.login.refresh.buffer.seconds = 300
	sasl.login.refresh.min.period.seconds = 60
	sasl.login.refresh.window.factor = 0.8
	sasl.login.refresh.window.jitter = 0.05
	sasl.login.retry.backoff.max.ms = 10000
	sasl.login.retry.backoff.ms = 100
	sasl.mechanism = GSSAPI
	sasl.oauthbearer.clock.skew.seconds = 30
	sasl.oauthbearer.expected.audience = null
	sasl.oauthbearer.expected.issuer = null
	sasl.oauthbearer.jwks.endpoint.refresh.ms = 3600000
	sasl.oauthbearer.jwks.endpoint.retry.backoff.max.ms = 10000
	sasl.oauthbearer.jwks.endpoint.retry.backoff.ms = 100
	sasl.oauthbearer.jwks.endpoint.url = null
	sasl.oauthbearer.scope.claim.name = scope
	sasl.oauthbearer.sub.claim.name = sub
	sasl.oauthbearer.token.endpoint.url = null
	security.protocol = PLAINTEXT
	security.providers = null
	send.buffer.bytes = 131072
	socket.connection.setup.timeout.max.ms = 30000
	socket.connection.setup.timeout.ms = 10000
	ssl.cipher.suites = null
	ssl.enabled.protocols = [TLSv1.2, TLSv1.3]
	ssl.endpoint.identification.algorithm = https
	ssl.engine.factory.class = null
	ssl.key.password = null
	ssl.keymanager.algorithm = SunX509
	ssl.keystore.certificate.chain = null
	ssl.keystore.key = null
	ssl.keystore.location = null
	ssl.keystore.password = null
	ssl.keystore.type = JKS
	ssl.protocol = TLSv1.3
	ssl.provider = null
	ssl.secure.random.implementation = null
	ssl.trustmanager.algorithm = PKIX
	ssl.truststore.certificates = null
	ssl.truststore.location = null
	ssl.truststore.password = null
	ssl.truststore.type = JKS
	transaction.timeout.ms = 60000
	transactional.id = null
	value.serializer = class org.springframework.kafka.support.serializer.JsonSerializer

2025-01-03T03:29:09.029+01:00  INFO 122812 --- [Users_microservice] [           main] o.a.k.c.t.i.KafkaMetricsCollector        : initializing Kafka metrics collector
2025-01-03T03:29:09.126+01:00  INFO 122812 --- [Users_microservice] [           main] o.a.k.clients.producer.KafkaProducer     : [Producer clientId=Users_microservice-producer-1] Instantiated an idempotent producer.
2025-01-03T03:29:09.168+01:00  INFO 122812 --- [Users_microservice] [           main] o.a.kafka.common.utils.AppInfoParser     : Kafka version: 3.8.1
2025-01-03T03:29:09.168+01:00  INFO 122812 --- [Users_microservice] [           main] o.a.kafka.common.utils.AppInfoParser     : Kafka commitId: 70d6ff42debf7e17
2025-01-03T03:29:09.169+01:00  INFO 122812 --- [Users_microservice] [           main] o.a.kafka.common.utils.AppInfoParser     : Kafka startTimeMs: 1735871349167
2025-01-03T03:29:09.353+01:00  INFO 122812 --- [Users_microservice] [vice-producer-1] org.apache.kafka.clients.NetworkClient   : [Producer clientId=Users_microservice-producer-1] Node -1 disconnected.
2025-01-03T03:29:09.355+01:00  WARN 122812 --- [Users_microservice] [vice-producer-1] org.apache.kafka.clients.NetworkClient   : [Producer clientId=Users_microservice-producer-1] Connection to node -1 (localhost/127.0.0.1:9092) could not be established. Node may not be available.
2025-01-03T03:29:09.355+01:00  WARN 122812 --- [Users_microservice] [vice-producer-1] org.apache.kafka.clients.NetworkClient   : [Producer clientId=Users_microservice-producer-1] Bootstrap broker localhost:9092 (id: -1 rack: null) disconnected
2025-01-03T03:29:09.457+01:00  INFO 122812 --- [Users_microservice] [vice-producer-1] org.apache.kafka.clients.NetworkClient   : [Producer clientId=Users_microservice-producer-1] Node -1 disconnected.
2025-01-03T03:29:09.458+01:00  WARN 122812 --- [Users_microservice] [vice-producer-1] org.apache.kafka.clients.NetworkClient   : [Producer clientId=Users_microservice-producer-1] Connection to node -1 (localhost/127.0.0.1:9092) could not be established. Node may not be available.
2025-01-03T03:29:09.458+01:00  WARN 122812 --- [Users_microservice] [vice-producer-1] org.apache.kafka.clients.NetworkClient   : [Producer clientId=Users_microservice-producer-1] Bootstrap broker localhost:9092 (id: -1 rack: null) disconnected
2025-01-03T03:29:09.609+01:00  INFO 122812 --- [Users_microservice] [vice-producer-1] org.apache.kafka.clients.NetworkClient   : [Producer clientId=Users_microservice-producer-1] Node -1 disconnected.
2025-01-03T03:29:09.609+01:00  WARN 122812 --- [Users_microservice] [vice-producer-1] org.apache.kafka.clients.NetworkClient   : [Producer clientId=Users_microservice-producer-1] Connection to node -1 (localhost/127.0.0.1:9092) could not be established. Node may not be available.
2025-01-03T03:29:09.609+01:00  WARN 122812 --- [Users_microservice] [vice-producer-1] org.apache.kafka.clients.NetworkClient   : [Producer clientId=Users_microservice-producer-1] Bootstrap broker localhost:9092 (id: -1 rack: null) disconnected
2025-01-03T03:29:09.862+01:00  INFO 122812 --- [Users_microservice] [vice-producer-1] org.apache.kafka.clients.NetworkClient   : [Producer clientId=Users_microservice-producer-1] Node -1 disconnected.
2025-01-03T03:29:09.862+01:00  WARN 122812 --- [Users_microservice] [vice-producer-1] org.apache.kafka.clients.NetworkClient   : [Producer clientId=Users_microservice-producer-1] Connection to node -1 (localhost/127.0.0.1:9092) could not be established. Node may not be available.
2025-01-03T03:29:09.863+01:00  WARN 122812 --- [Users_microservice] [vice-producer-1] org.apache.kafka.clients.NetworkClient   : [Producer clientId=Users_microservice-producer-1] Bootstrap broker localhost:9092 (id: -1 rack: null) disconnected
2025-01-03T03:29:10.315+01:00  INFO 122812 --- [Users_microservice] [vice-producer-1] org.apache.kafka.clients.NetworkClient   : [Producer clientId=Users_microservice-producer-1] Node -1 disconnected.
2025-01-03T03:29:10.316+01:00  WARN 122812 --- [Users_microservice] [vice-producer-1] org.apache.kafka.clients.NetworkClient   : [Producer clientId=Users_microservice-producer-1] Connection to node -1 (localhost/127.0.0.1:9092) could not be established. Node may not be available.
2025-01-03T03:29:10.316+01:00  WARN 122812 --- [Users_microservice] [vice-producer-1] org.apache.kafka.clients.NetworkClient   : [Producer clientId=Users_microservice-producer-1] Bootstrap broker localhost:9092 (id: -1 rack: null) disconnected
2025-01-03T03:29:11.130+01:00  INFO 122812 --- [Users_microservice] [vice-producer-1] org.apache.kafka.clients.NetworkClient   : [Producer clientId=Users_microservice-producer-1] Node -1 disconnected.
2025-01-03T03:29:11.130+01:00  WARN 122812 --- [Users_microservice] [vice-producer-1] org.apache.kafka.clients.NetworkClient   : [Producer clientId=Users_microservice-producer-1] Connection to node -1 (localhost/127.0.0.1:9092) could not be established. Node may not be available.
2025-01-03T03:29:11.130+01:00  WARN 122812 --- [Users_microservice] [vice-producer-1] org.apache.kafka.clients.NetworkClient   : [Producer clientId=Users_microservice-producer-1] Bootstrap broker localhost:9092 (id: -1 rack: null) disconnected
2025-01-03T03:29:12.169+01:00  INFO 122812 --- [Users_microservice] [vice-producer-1] org.apache.kafka.clients.NetworkClient   : [Producer clientId=Users_microservice-producer-1] Node -1 disconnected.
2025-01-03T03:29:12.170+01:00  WARN 122812 --- [Users_microservice] [vice-producer-1] org.apache.kafka.clients.NetworkClient   : [Producer clientId=Users_microservice-producer-1] Connection to node -1 (localhost/127.0.0.1:9092) could not be established. Node may not be available.
2025-01-03T03:29:12.170+01:00  WARN 122812 --- [Users_microservice] [vice-producer-1] org.apache.kafka.clients.NetworkClient   : [Producer clientId=Users_microservice-producer-1] Bootstrap broker localhost:9092 (id: -1 rack: null) disconnected
2025-01-03T03:29:13.170+01:00  INFO 122812 --- [Users_microservice] [vice-producer-1] org.apache.kafka.clients.NetworkClient   : [Producer clientId=Users_microservice-producer-1] Node -1 disconnected.
2025-01-03T03:29:13.171+01:00  WARN 122812 --- [Users_microservice] [vice-producer-1] org.apache.kafka.clients.NetworkClient   : [Producer clientId=Users_microservice-producer-1] Connection to node -1 (localhost/127.0.0.1:9092) could not be established. Node may not be available.
2025-01-03T03:29:13.171+01:00  WARN 122812 --- [Users_microservice] [vice-producer-1] org.apache.kafka.clients.NetworkClient   : [Producer clientId=Users_microservice-producer-1] Bootstrap broker localhost:9092 (id: -1 rack: null) disconnected
2025-01-03T03:29:14.027+01:00  INFO 122812 --- [Users_microservice] [vice-producer-1] org.apache.kafka.clients.NetworkClient   : [Producer clientId=Users_microservice-producer-1] Node -1 disconnected.
2025-01-03T03:29:14.028+01:00  WARN 122812 --- [Users_microservice] [vice-producer-1] org.apache.kafka.clients.NetworkClient   : [Producer clientId=Users_microservice-producer-1] Connection to node -1 (localhost/127.0.0.1:9092) could not be established. Node may not be available.
2025-01-03T03:29:14.028+01:00  WARN 122812 --- [Users_microservice] [vice-producer-1] org.apache.kafka.clients.NetworkClient   : [Producer clientId=Users_microservice-producer-1] Bootstrap broker localhost:9092 (id: -1 rack: null) disconnected
2025-01-03T03:29:14.978+01:00  INFO 122812 --- [Users_microservice] [vice-producer-1] org.apache.kafka.clients.NetworkClient   : [Producer clientId=Users_microservice-producer-1] Node -1 disconnected.
2025-01-03T03:29:14.978+01:00  WARN 122812 --- [Users_microservice] [vice-producer-1] org.apache.kafka.clients.NetworkClient   : [Producer clientId=Users_microservice-producer-1] Connection to node -1 (localhost/127.0.0.1:9092) could not be established. Node may not be available.
2025-01-03T03:29:14.978+01:00  WARN 122812 --- [Users_microservice] [vice-producer-1] org.apache.kafka.clients.NetworkClient   : [Producer clientId=Users_microservice-producer-1] Bootstrap broker localhost:9092 (id: -1 rack: null) disconnected
2025-01-03T03:29:15.987+01:00  INFO 122812 --- [Users_microservice] [vice-producer-1] org.apache.kafka.clients.NetworkClient   : [Producer clientId=Users_microservice-producer-1] Node -1 disconnected.
2025-01-03T03:29:15.988+01:00  WARN 122812 --- [Users_microservice] [vice-producer-1] org.apache.kafka.clients.NetworkClient   : [Producer clientId=Users_microservice-producer-1] Connection to node -1 (localhost/127.0.0.1:9092) could not be established. Node may not be available.
2025-01-03T03:29:15.988+01:00  WARN 122812 --- [Users_microservice] [vice-producer-1] org.apache.kafka.clients.NetworkClient   : [Producer clientId=Users_microservice-producer-1] Bootstrap broker localhost:9092 (id: -1 rack: null) disconnected
2025-01-03T03:29:16.896+01:00  INFO 122812 --- [Users_microservice] [vice-producer-1] org.apache.kafka.clients.NetworkClient   : [Producer clientId=Users_microservice-producer-1] Node -1 disconnected.
2025-01-03T03:29:16.896+01:00  WARN 122812 --- [Users_microservice] [vice-producer-1] org.apache.kafka.clients.NetworkClient   : [Producer clientId=Users_microservice-producer-1] Connection to node -1 (localhost/127.0.0.1:9092) could not be established. Node may not be available.
2025-01-03T03:29:16.896+01:00  WARN 122812 --- [Users_microservice] [vice-producer-1] org.apache.kafka.clients.NetworkClient   : [Producer clientId=Users_microservice-producer-1] Bootstrap broker localhost:9092 (id: -1 rack: null) disconnected
2025-01-03T03:29:17.903+01:00  INFO 122812 --- [Users_microservice] [vice-producer-1] org.apache.kafka.clients.NetworkClient   : [Producer clientId=Users_microservice-producer-1] Node -1 disconnected.
2025-01-03T03:29:17.903+01:00  WARN 122812 --- [Users_microservice] [vice-producer-1] org.apache.kafka.clients.NetworkClient   : [Producer clientId=Users_microservice-producer-1] Connection to node -1 (localhost/127.0.0.1:9092) could not be established. Node may not be available.
2025-01-03T03:29:17.903+01:00  WARN 122812 --- [Users_microservice] [vice-producer-1] org.apache.kafka.clients.NetworkClient   : [Producer clientId=Users_microservice-producer-1] Bootstrap broker localhost:9092 (id: -1 rack: null) disconnected
2025-01-03T03:29:18.905+01:00  INFO 122812 --- [Users_microservice] [vice-producer-1] org.apache.kafka.clients.NetworkClient   : [Producer clientId=Users_microservice-producer-1] Node -1 disconnected.
2025-01-03T03:29:18.907+01:00  WARN 122812 --- [Users_microservice] [vice-producer-1] org.apache.kafka.clients.NetworkClient   : [Producer clientId=Users_microservice-producer-1] Connection to node -1 (localhost/127.0.0.1:9092) could not be established. Node may not be available.
2025-01-03T03:29:18.911+01:00  WARN 122812 --- [Users_microservice] [vice-producer-1] org.apache.kafka.clients.NetworkClient   : [Producer clientId=Users_microservice-producer-1] Bootstrap broker localhost:9092 (id: -1 rack: null) disconnected
2025-01-03T03:29:19.906+01:00  INFO 122812 --- [Users_microservice] [vice-producer-1] org.apache.kafka.clients.NetworkClient   : [Producer clientId=Users_microservice-producer-1] Node -1 disconnected.
2025-01-03T03:29:19.906+01:00  WARN 122812 --- [Users_microservice] [vice-producer-1] org.apache.kafka.clients.NetworkClient   : [Producer clientId=Users_microservice-producer-1] Connection to node -1 (localhost/127.0.0.1:9092) could not be established. Node may not be available.
2025-01-03T03:29:19.906+01:00  WARN 122812 --- [Users_microservice] [vice-producer-1] org.apache.kafka.clients.NetworkClient   : [Producer clientId=Users_microservice-producer-1] Bootstrap broker localhost:9092 (id: -1 rack: null) disconnected
2025-01-03T03:29:20.914+01:00  INFO 122812 --- [Users_microservice] [vice-producer-1] org.apache.kafka.clients.NetworkClient   : [Producer clientId=Users_microservice-producer-1] Node -1 disconnected.
2025-01-03T03:29:20.914+01:00  WARN 122812 --- [Users_microservice] [vice-producer-1] org.apache.kafka.clients.NetworkClient   : [Producer clientId=Users_microservice-producer-1] Connection to node -1 (localhost/127.0.0.1:9092) could not be established. Node may not be available.
2025-01-03T03:29:20.915+01:00  WARN 122812 --- [Users_microservice] [vice-producer-1] org.apache.kafka.clients.NetworkClient   : [Producer clientId=Users_microservice-producer-1] Bootstrap broker localhost:9092 (id: -1 rack: null) disconnected
2025-01-03T03:29:21.771+01:00  INFO 122812 --- [Users_microservice] [vice-producer-1] org.apache.kafka.clients.NetworkClient   : [Producer clientId=Users_microservice-producer-1] Node -1 disconnected.
2025-01-03T03:29:21.771+01:00  WARN 122812 --- [Users_microservice] [vice-producer-1] org.apache.kafka.clients.NetworkClient   : [Producer clientId=Users_microservice-producer-1] Connection to node -1 (localhost/127.0.0.1:9092) could not be established. Node may not be available.
2025-01-03T03:29:21.771+01:00  WARN 122812 --- [Users_microservice] [vice-producer-1] org.apache.kafka.clients.NetworkClient   : [Producer clientId=Users_microservice-producer-1] Bootstrap broker localhost:9092 (id: -1 rack: null) disconnected
2025-01-03T03:29:22.821+01:00  INFO 122812 --- [Users_microservice] [vice-producer-1] org.apache.kafka.clients.NetworkClient   : [Producer clientId=Users_microservice-producer-1] Node -1 disconnected.
2025-01-03T03:29:22.821+01:00  WARN 122812 --- [Users_microservice] [vice-producer-1] org.apache.kafka.clients.NetworkClient   : [Producer clientId=Users_microservice-producer-1] Connection to node -1 (localhost/127.0.0.1:9092) could not be established. Node may not be available.
2025-01-03T03:29:22.821+01:00  WARN 122812 --- [Users_microservice] [vice-producer-1] org.apache.kafka.clients.NetworkClient   : [Producer clientId=Users_microservice-producer-1] Bootstrap broker localhost:9092 (id: -1 rack: null) disconnected
2025-01-03T03:29:23.678+01:00  INFO 122812 --- [Users_microservice] [vice-producer-1] org.apache.kafka.clients.NetworkClient   : [Producer clientId=Users_microservice-producer-1] Node -1 disconnected.
2025-01-03T03:29:23.679+01:00  WARN 122812 --- [Users_microservice] [vice-producer-1] org.apache.kafka.clients.NetworkClient   : [Producer clientId=Users_microservice-producer-1] Connection to node -1 (localhost/127.0.0.1:9092) could not be established. Node may not be available.
2025-01-03T03:29:23.679+01:00  WARN 122812 --- [Users_microservice] [vice-producer-1] org.apache.kafka.clients.NetworkClient   : [Producer clientId=Users_microservice-producer-1] Bootstrap broker localhost:9092 (id: -1 rack: null) disconnected
2025-01-03T03:29:24.721+01:00  INFO 122812 --- [Users_microservice] [vice-producer-1] org.apache.kafka.clients.NetworkClient   : [Producer clientId=Users_microservice-producer-1] Node -1 disconnected.
2025-01-03T03:29:24.721+01:00  WARN 122812 --- [Users_microservice] [vice-producer-1] org.apache.kafka.clients.NetworkClient   : [Producer clientId=Users_microservice-producer-1] Connection to node -1 (localhost/127.0.0.1:9092) could not be established. Node may not be available.
2025-01-03T03:29:24.722+01:00  WARN 122812 --- [Users_microservice] [vice-producer-1] org.apache.kafka.clients.NetworkClient   : [Producer clientId=Users_microservice-producer-1] Bootstrap broker localhost:9092 (id: -1 rack: null) disconnected
2025-01-03T03:29:25.709+01:00  INFO 122812 --- [Users_microservice] [vice-producer-1] org.apache.kafka.clients.NetworkClient   : [Producer clientId=Users_microservice-producer-1] Node -1 disconnected.
2025-01-03T03:29:25.710+01:00  WARN 122812 --- [Users_microservice] [vice-producer-1] org.apache.kafka.clients.NetworkClient   : [Producer clientId=Users_microservice-producer-1] Connection to node -1 (localhost/127.0.0.1:9092) could not be established. Node may not be available.
2025-01-03T03:29:25.710+01:00  WARN 122812 --- [Users_microservice] [vice-producer-1] org.apache.kafka.clients.NetworkClient   : [Producer clientId=Users_microservice-producer-1] Bootstrap broker localhost:9092 (id: -1 rack: null) disconnected
2025-01-03T03:29:26.567+01:00  INFO 122812 --- [Users_microservice] [vice-producer-1] org.apache.kafka.clients.NetworkClient   : [Producer clientId=Users_microservice-producer-1] Node -1 disconnected.
2025-01-03T03:29:26.567+01:00  WARN 122812 --- [Users_microservice] [vice-producer-1] org.apache.kafka.clients.NetworkClient   : [Producer clientId=Users_microservice-producer-1] Connection to node -1 (localhost/127.0.0.1:9092) could not be established. Node may not be available.
2025-01-03T03:29:26.567+01:00  WARN 122812 --- [Users_microservice] [vice-producer-1] org.apache.kafka.clients.NetworkClient   : [Producer clientId=Users_microservice-producer-1] Bootstrap broker localhost:9092 (id: -1 rack: null) disconnected
2025-01-03T03:29:27.423+01:00  INFO 122812 --- [Users_microservice] [vice-producer-1] org.apache.kafka.clients.NetworkClient   : [Producer clientId=Users_microservice-producer-1] Node -1 disconnected.
2025-01-03T03:29:27.423+01:00  WARN 122812 --- [Users_microservice] [vice-producer-1] org.apache.kafka.clients.NetworkClient   : [Producer clientId=Users_microservice-producer-1] Connection to node -1 (localhost/127.0.0.1:9092) could not be established. Node may not be available.
2025-01-03T03:29:27.423+01:00  WARN 122812 --- [Users_microservice] [vice-producer-1] org.apache.kafka.clients.NetworkClient   : [Producer clientId=Users_microservice-producer-1] Bootstrap broker localhost:9092 (id: -1 rack: null) disconnected
2025-01-03T03:29:28.431+01:00  INFO 122812 --- [Users_microservice] [vice-producer-1] org.apache.kafka.clients.NetworkClient   : [Producer clientId=Users_microservice-producer-1] Node -1 disconnected.
2025-01-03T03:29:28.431+01:00  WARN 122812 --- [Users_microservice] [vice-producer-1] org.apache.kafka.clients.NetworkClient   : [Producer clientId=Users_microservice-producer-1] Connection to node -1 (localhost/127.0.0.1:9092) could not be established. Node may not be available.
2025-01-03T03:29:28.431+01:00  WARN 122812 --- [Users_microservice] [vice-producer-1] org.apache.kafka.clients.NetworkClient   : [Producer clientId=Users_microservice-producer-1] Bootstrap broker localhost:9092 (id: -1 rack: null) disconnected
2025-01-03T03:29:29.432+01:00  INFO 122812 --- [Users_microservice] [vice-producer-1] org.apache.kafka.clients.NetworkClient   : [Producer clientId=Users_microservice-producer-1] Node -1 disconnected.
2025-01-03T03:29:29.433+01:00  WARN 122812 --- [Users_microservice] [vice-producer-1] org.apache.kafka.clients.NetworkClient   : [Producer clientId=Users_microservice-producer-1] Connection to node -1 (localhost/127.0.0.1:9092) could not be established. Node may not be available.
2025-01-03T03:29:29.433+01:00  WARN 122812 --- [Users_microservice] [vice-producer-1] org.apache.kafka.clients.NetworkClient   : [Producer clientId=Users_microservice-producer-1] Bootstrap broker localhost:9092 (id: -1 rack: null) disconnected
2025-01-03T03:29:30.391+01:00  INFO 122812 --- [Users_microservice] [vice-producer-1] org.apache.kafka.clients.NetworkClient   : [Producer clientId=Users_microservice-producer-1] Node -1 disconnected.
2025-01-03T03:29:30.391+01:00  WARN 122812 --- [Users_microservice] [vice-producer-1] org.apache.kafka.clients.NetworkClient   : [Producer clientId=Users_microservice-producer-1] Connection to node -1 (localhost/127.0.0.1:9092) could not be established. Node may not be available.
2025-01-03T03:29:30.391+01:00  WARN 122812 --- [Users_microservice] [vice-producer-1] org.apache.kafka.clients.NetworkClient   : [Producer clientId=Users_microservice-producer-1] Bootstrap broker localhost:9092 (id: -1 rack: null) disconnected
2025-01-03T03:29:31.392+01:00  INFO 122812 --- [Users_microservice] [vice-producer-1] org.apache.kafka.clients.NetworkClient   : [Producer clientId=Users_microservice-producer-1] Node -1 disconnected.
2025-01-03T03:29:31.392+01:00  WARN 122812 --- [Users_microservice] [vice-producer-1] org.apache.kafka.clients.NetworkClient   : [Producer clientId=Users_microservice-producer-1] Connection to node -1 (localhost/127.0.0.1:9092) could not be established. Node may not be available.
2025-01-03T03:29:31.392+01:00  WARN 122812 --- [Users_microservice] [vice-producer-1] org.apache.kafka.clients.NetworkClient   : [Producer clientId=Users_microservice-producer-1] Bootstrap broker localhost:9092 (id: -1 rack: null) disconnected
2025-01-03T03:29:32.399+01:00  INFO 122812 --- [Users_microservice] [vice-producer-1] org.apache.kafka.clients.NetworkClient   : [Producer clientId=Users_microservice-producer-1] Node -1 disconnected.
2025-01-03T03:29:32.399+01:00  WARN 122812 --- [Users_microservice] [vice-producer-1] org.apache.kafka.clients.NetworkClient   : [Producer clientId=Users_microservice-producer-1] Connection to node -1 (localhost/127.0.0.1:9092) could not be established. Node may not be available.
2025-01-03T03:29:32.399+01:00  WARN 122812 --- [Users_microservice] [vice-producer-1] org.apache.kafka.clients.NetworkClient   : [Producer clientId=Users_microservice-producer-1] Bootstrap broker localhost:9092 (id: -1 rack: null) disconnected
2025-01-03T03:29:33.407+01:00  INFO 122812 --- [Users_microservice] [vice-producer-1] org.apache.kafka.clients.NetworkClient   : [Producer clientId=Users_microservice-producer-1] Node -1 disconnected.
2025-01-03T03:29:33.407+01:00  WARN 122812 --- [Users_microservice] [vice-producer-1] org.apache.kafka.clients.NetworkClient   : [Producer clientId=Users_microservice-producer-1] Connection to node -1 (localhost/127.0.0.1:9092) could not be established. Node may not be available.
2025-01-03T03:29:33.407+01:00  WARN 122812 --- [Users_microservice] [vice-producer-1] org.apache.kafka.clients.NetworkClient   : [Producer clientId=Users_microservice-producer-1] Bootstrap broker localhost:9092 (id: -1 rack: null) disconnected
2025-01-03T03:29:34.415+01:00  INFO 122812 --- [Users_microservice] [vice-producer-1] org.apache.kafka.clients.NetworkClient   : [Producer clientId=Users_microservice-producer-1] Node -1 disconnected.
2025-01-03T03:29:34.415+01:00  WARN 122812 --- [Users_microservice] [vice-producer-1] org.apache.kafka.clients.NetworkClient   : [Producer clientId=Users_microservice-producer-1] Connection to node -1 (localhost/127.0.0.1:9092) could not be established. Node may not be available.
2025-01-03T03:29:34.415+01:00  WARN 122812 --- [Users_microservice] [vice-producer-1] org.apache.kafka.clients.NetworkClient   : [Producer clientId=Users_microservice-producer-1] Bootstrap broker localhost:9092 (id: -1 rack: null) disconnected
2025-01-03T03:29:35.422+01:00  INFO 122812 --- [Users_microservice] [vice-producer-1] org.apache.kafka.clients.NetworkClient   : [Producer clientId=Users_microservice-producer-1] Node -1 disconnected.
2025-01-03T03:29:35.422+01:00  WARN 122812 --- [Users_microservice] [vice-producer-1] org.apache.kafka.clients.NetworkClient   : [Producer clientId=Users_microservice-producer-1] Connection to node -1 (localhost/127.0.0.1:9092) could not be established. Node may not be available.
2025-01-03T03:29:35.422+01:00  WARN 122812 --- [Users_microservice] [vice-producer-1] org.apache.kafka.clients.NetworkClient   : [Producer clientId=Users_microservice-producer-1] Bootstrap broker localhost:9092 (id: -1 rack: null) disconnected
2025-01-03T03:29:36.279+01:00  INFO 122812 --- [Users_microservice] [vice-producer-1] org.apache.kafka.clients.NetworkClient   : [Producer clientId=Users_microservice-producer-1] Node -1 disconnected.
2025-01-03T03:29:36.280+01:00  WARN 122812 --- [Users_microservice] [vice-producer-1] org.apache.kafka.clients.NetworkClient   : [Producer clientId=Users_microservice-producer-1] Connection to node -1 (localhost/127.0.0.1:9092) could not be established. Node may not be available.
2025-01-03T03:29:36.280+01:00  WARN 122812 --- [Users_microservice] [vice-producer-1] org.apache.kafka.clients.NetworkClient   : [Producer clientId=Users_microservice-producer-1] Bootstrap broker localhost:9092 (id: -1 rack: null) disconnected
2025-01-03T03:29:37.128+01:00  INFO 122812 --- [Users_microservice] [vice-producer-1] org.apache.kafka.clients.NetworkClient   : [Producer clientId=Users_microservice-producer-1] Node -1 disconnected.
2025-01-03T03:29:37.128+01:00  WARN 122812 --- [Users_microservice] [vice-producer-1] org.apache.kafka.clients.NetworkClient   : [Producer clientId=Users_microservice-producer-1] Connection to node -1 (localhost/127.0.0.1:9092) could not be established. Node may not be available.
2025-01-03T03:29:37.129+01:00  WARN 122812 --- [Users_microservice] [vice-producer-1] org.apache.kafka.clients.NetworkClient   : [Producer clientId=Users_microservice-producer-1] Bootstrap broker localhost:9092 (id: -1 rack: null) disconnected
2025-01-03T03:29:38.130+01:00  INFO 122812 --- [Users_microservice] [vice-producer-1] org.apache.kafka.clients.NetworkClient   : [Producer clientId=Users_microservice-producer-1] Node -1 disconnected.
2025-01-03T03:29:38.130+01:00  WARN 122812 --- [Users_microservice] [vice-producer-1] org.apache.kafka.clients.NetworkClient   : [Producer clientId=Users_microservice-producer-1] Connection to node -1 (localhost/127.0.0.1:9092) could not be established. Node may not be available.
2025-01-03T03:29:38.131+01:00  WARN 122812 --- [Users_microservice] [vice-producer-1] org.apache.kafka.clients.NetworkClient   : [Producer clientId=Users_microservice-producer-1] Bootstrap broker localhost:9092 (id: -1 rack: null) disconnected
2025-01-03T03:29:39.131+01:00  INFO 122812 --- [Users_microservice] [vice-producer-1] org.apache.kafka.clients.NetworkClient   : [Producer clientId=Users_microservice-producer-1] Node -1 disconnected.
2025-01-03T03:29:39.131+01:00  WARN 122812 --- [Users_microservice] [vice-producer-1] org.apache.kafka.clients.NetworkClient   : [Producer clientId=Users_microservice-producer-1] Connection to node -1 (localhost/127.0.0.1:9092) could not be established. Node may not be available.
2025-01-03T03:29:39.132+01:00  WARN 122812 --- [Users_microservice] [vice-producer-1] org.apache.kafka.clients.NetworkClient   : [Producer clientId=Users_microservice-producer-1] Bootstrap broker localhost:9092 (id: -1 rack: null) disconnected
2025-01-03T03:29:40.138+01:00  INFO 122812 --- [Users_microservice] [vice-producer-1] org.apache.kafka.clients.NetworkClient   : [Producer clientId=Users_microservice-producer-1] Node -1 disconnected.
2025-01-03T03:29:40.139+01:00  WARN 122812 --- [Users_microservice] [vice-producer-1] org.apache.kafka.clients.NetworkClient   : [Producer clientId=Users_microservice-producer-1] Connection to node -1 (localhost/127.0.0.1:9092) could not be established. Node may not be available.
2025-01-03T03:29:40.139+01:00  WARN 122812 --- [Users_microservice] [vice-producer-1] org.apache.kafka.clients.NetworkClient   : [Producer clientId=Users_microservice-producer-1] Bootstrap broker localhost:9092 (id: -1 rack: null) disconnected
2025-01-03T03:29:41.139+01:00  INFO 122812 --- [Users_microservice] [vice-producer-1] org.apache.kafka.clients.NetworkClient   : [Producer clientId=Users_microservice-producer-1] Node -1 disconnected.
2025-01-03T03:29:41.139+01:00  WARN 122812 --- [Users_microservice] [vice-producer-1] org.apache.kafka.clients.NetworkClient   : [Producer clientId=Users_microservice-producer-1] Connection to node -1 (localhost/127.0.0.1:9092) could not be established. Node may not be available.
2025-01-03T03:29:41.139+01:00  WARN 122812 --- [Users_microservice] [vice-producer-1] org.apache.kafka.clients.NetworkClient   : [Producer clientId=Users_microservice-producer-1] Bootstrap broker localhost:9092 (id: -1 rack: null) disconnected
2025-01-03T03:29:42.095+01:00  INFO 122812 --- [Users_microservice] [vice-producer-1] org.apache.kafka.clients.NetworkClient   : [Producer clientId=Users_microservice-producer-1] Node -1 disconnected.
2025-01-03T03:29:42.096+01:00  WARN 122812 --- [Users_microservice] [vice-producer-1] org.apache.kafka.clients.NetworkClient   : [Producer clientId=Users_microservice-producer-1] Connection to node -1 (localhost/127.0.0.1:9092) could not be established. Node may not be available.
2025-01-03T03:29:42.096+01:00  WARN 122812 --- [Users_microservice] [vice-producer-1] org.apache.kafka.clients.NetworkClient   : [Producer clientId=Users_microservice-producer-1] Bootstrap broker localhost:9092 (id: -1 rack: null) disconnected
2025-01-03T03:29:43.096+01:00  INFO 122812 --- [Users_microservice] [vice-producer-1] org.apache.kafka.clients.NetworkClient   : [Producer clientId=Users_microservice-producer-1] Node -1 disconnected.
2025-01-03T03:29:43.097+01:00  WARN 122812 --- [Users_microservice] [vice-producer-1] org.apache.kafka.clients.NetworkClient   : [Producer clientId=Users_microservice-producer-1] Connection to node -1 (localhost/127.0.0.1:9092) could not be established. Node may not be available.
2025-01-03T03:29:43.097+01:00  WARN 122812 --- [Users_microservice] [vice-producer-1] org.apache.kafka.clients.NetworkClient   : [Producer clientId=Users_microservice-producer-1] Bootstrap broker localhost:9092 (id: -1 rack: null) disconnected
2025-01-03T03:29:44.097+01:00  INFO 122812 --- [Users_microservice] [vice-producer-1] org.apache.kafka.clients.NetworkClient   : [Producer clientId=Users_microservice-producer-1] Node -1 disconnected.
2025-01-03T03:29:44.097+01:00  WARN 122812 --- [Users_microservice] [vice-producer-1] org.apache.kafka.clients.NetworkClient   : [Producer clientId=Users_microservice-producer-1] Connection to node -1 (localhost/127.0.0.1:9092) could not be established. Node may not be available.
2025-01-03T03:29:44.097+01:00  WARN 122812 --- [Users_microservice] [vice-producer-1] org.apache.kafka.clients.NetworkClient   : [Producer clientId=Users_microservice-producer-1] Bootstrap broker localhost:9092 (id: -1 rack: null) disconnected
2025-01-03T03:29:45.106+01:00  INFO 122812 --- [Users_microservice] [vice-producer-1] org.apache.kafka.clients.NetworkClient   : [Producer clientId=Users_microservice-producer-1] Node -1 disconnected.
2025-01-03T03:29:45.106+01:00  WARN 122812 --- [Users_microservice] [vice-producer-1] org.apache.kafka.clients.NetworkClient   : [Producer clientId=Users_microservice-producer-1] Connection to node -1 (localhost/127.0.0.1:9092) could not be established. Node may not be available.
2025-01-03T03:29:45.107+01:00  WARN 122812 --- [Users_microservice] [vice-producer-1] org.apache.kafka.clients.NetworkClient   : [Producer clientId=Users_microservice-producer-1] Bootstrap broker localhost:9092 (id: -1 rack: null) disconnected
2025-01-03T03:29:45.962+01:00  INFO 122812 --- [Users_microservice] [vice-producer-1] org.apache.kafka.clients.NetworkClient   : [Producer clientId=Users_microservice-producer-1] Node -1 disconnected.
2025-01-03T03:29:45.962+01:00  WARN 122812 --- [Users_microservice] [vice-producer-1] org.apache.kafka.clients.NetworkClient   : [Producer clientId=Users_microservice-producer-1] Connection to node -1 (localhost/127.0.0.1:9092) could not be established. Node may not be available.
2025-01-03T03:29:45.962+01:00  WARN 122812 --- [Users_microservice] [vice-producer-1] org.apache.kafka.clients.NetworkClient   : [Producer clientId=Users_microservice-producer-1] Bootstrap broker localhost:9092 (id: -1 rack: null) disconnected
2025-01-03T03:29:47.012+01:00  INFO 122812 --- [Users_microservice] [vice-producer-1] org.apache.kafka.clients.NetworkClient   : [Producer clientId=Users_microservice-producer-1] Node -1 disconnected.
2025-01-03T03:29:47.012+01:00  WARN 122812 --- [Users_microservice] [vice-producer-1] org.apache.kafka.clients.NetworkClient   : [Producer clientId=Users_microservice-producer-1] Connection to node -1 (localhost/127.0.0.1:9092) could not be established. Node may not be available.
2025-01-03T03:29:47.012+01:00  WARN 122812 --- [Users_microservice] [vice-producer-1] org.apache.kafka.clients.NetworkClient   : [Producer clientId=Users_microservice-producer-1] Bootstrap broker localhost:9092 (id: -1 rack: null) disconnected
2025-01-03T03:29:48.013+01:00  INFO 122812 --- [Users_microservice] [vice-producer-1] org.apache.kafka.clients.NetworkClient   : [Producer clientId=Users_microservice-producer-1] Node -1 disconnected.
2025-01-03T03:29:48.013+01:00  WARN 122812 --- [Users_microservice] [vice-producer-1] org.apache.kafka.clients.NetworkClient   : [Producer clientId=Users_microservice-producer-1] Connection to node -1 (localhost/127.0.0.1:9092) could not be established. Node may not be available.
2025-01-03T03:29:48.013+01:00  WARN 122812 --- [Users_microservice] [vice-producer-1] org.apache.kafka.clients.NetworkClient   : [Producer clientId=Users_microservice-producer-1] Bootstrap broker localhost:9092 (id: -1 rack: null) disconnected
2025-01-03T03:29:49.013+01:00  INFO 122812 --- [Users_microservice] [vice-producer-1] org.apache.kafka.clients.NetworkClient   : [Producer clientId=Users_microservice-producer-1] Node -1 disconnected.
2025-01-03T03:29:49.013+01:00  WARN 122812 --- [Users_microservice] [vice-producer-1] org.apache.kafka.clients.NetworkClient   : [Producer clientId=Users_microservice-producer-1] Connection to node -1 (localhost/127.0.0.1:9092) could not be established. Node may not be available.
2025-01-03T03:29:49.013+01:00  WARN 122812 --- [Users_microservice] [vice-producer-1] org.apache.kafka.clients.NetworkClient   : [Producer clientId=Users_microservice-producer-1] Bootstrap broker localhost:9092 (id: -1 rack: null) disconnected
2025-01-03T03:29:50.014+01:00  INFO 122812 --- [Users_microservice] [vice-producer-1] org.apache.kafka.clients.NetworkClient   : [Producer clientId=Users_microservice-producer-1] Node -1 disconnected.
2025-01-03T03:29:50.014+01:00  WARN 122812 --- [Users_microservice] [vice-producer-1] org.apache.kafka.clients.NetworkClient   : [Producer clientId=Users_microservice-producer-1] Connection to node -1 (localhost/127.0.0.1:9092) could not be established. Node may not be available.
2025-01-03T03:29:50.014+01:00  WARN 122812 --- [Users_microservice] [vice-producer-1] org.apache.kafka.clients.NetworkClient   : [Producer clientId=Users_microservice-producer-1] Bootstrap broker localhost:9092 (id: -1 rack: null) disconnected
2025-01-03T03:29:51.028+01:00  INFO 122812 --- [Users_microservice] [vice-producer-1] org.apache.kafka.clients.NetworkClient   : [Producer clientId=Users_microservice-producer-1] Node -1 disconnected.
2025-01-03T03:29:51.028+01:00  WARN 122812 --- [Users_microservice] [vice-producer-1] org.apache.kafka.clients.NetworkClient   : [Producer clientId=Users_microservice-producer-1] Connection to node -1 (localhost/127.0.0.1:9092) could not be established. Node may not be available.
2025-01-03T03:29:51.029+01:00  WARN 122812 --- [Users_microservice] [vice-producer-1] org.apache.kafka.clients.NetworkClient   : [Producer clientId=Users_microservice-producer-1] Bootstrap broker localhost:9092 (id: -1 rack: null) disconnected
2025-01-03T03:29:52.072+01:00  INFO 122812 --- [Users_microservice] [vice-producer-1] org.apache.kafka.clients.NetworkClient   : [Producer clientId=Users_microservice-producer-1] Node -1 disconnected.
2025-01-03T03:29:52.073+01:00  WARN 122812 --- [Users_microservice] [vice-producer-1] org.apache.kafka.clients.NetworkClient   : [Producer clientId=Users_microservice-producer-1] Connection to node -1 (localhost/127.0.0.1:9092) could not be established. Node may not be available.
2025-01-03T03:29:52.073+01:00  WARN 122812 --- [Users_microservice] [vice-producer-1] org.apache.kafka.clients.NetworkClient   : [Producer clientId=Users_microservice-producer-1] Bootstrap broker localhost:9092 (id: -1 rack: null) disconnected
2025-01-03T03:29:52.927+01:00  INFO 122812 --- [Users_microservice] [vice-producer-1] org.apache.kafka.clients.NetworkClient   : [Producer clientId=Users_microservice-producer-1] Node -1 disconnected.
2025-01-03T03:29:52.928+01:00  WARN 122812 --- [Users_microservice] [vice-producer-1] org.apache.kafka.clients.NetworkClient   : [Producer clientId=Users_microservice-producer-1] Connection to node -1 (localhost/127.0.0.1:9092) could not be established. Node may not be available.
2025-01-03T03:29:52.928+01:00  WARN 122812 --- [Users_microservice] [vice-producer-1] org.apache.kafka.clients.NetworkClient   : [Producer clientId=Users_microservice-producer-1] Bootstrap broker localhost:9092 (id: -1 rack: null) disconnected
2025-01-03T03:29:53.976+01:00  INFO 122812 --- [Users_microservice] [vice-producer-1] org.apache.kafka.clients.NetworkClient   : [Producer clientId=Users_microservice-producer-1] Node -1 disconnected.
2025-01-03T03:29:53.977+01:00  WARN 122812 --- [Users_microservice] [vice-producer-1] org.apache.kafka.clients.NetworkClient   : [Producer clientId=Users_microservice-producer-1] Connection to node -1 (localhost/127.0.0.1:9092) could not be established. Node may not be available.
2025-01-03T03:29:53.977+01:00  WARN 122812 --- [Users_microservice] [vice-producer-1] org.apache.kafka.clients.NetworkClient   : [Producer clientId=Users_microservice-producer-1] Bootstrap broker localhost:9092 (id: -1 rack: null) disconnected
2025-01-03T03:29:54.982+01:00  INFO 122812 --- [Users_microservice] [vice-producer-1] org.apache.kafka.clients.NetworkClient   : [Producer clientId=Users_microservice-producer-1] Node -1 disconnected.
2025-01-03T03:29:54.982+01:00  WARN 122812 --- [Users_microservice] [vice-producer-1] org.apache.kafka.clients.NetworkClient   : [Producer clientId=Users_microservice-producer-1] Connection to node -1 (localhost/127.0.0.1:9092) could not be established. Node may not be available.
2025-01-03T03:29:54.983+01:00  WARN 122812 --- [Users_microservice] [vice-producer-1] org.apache.kafka.clients.NetworkClient   : [Producer clientId=Users_microservice-producer-1] Bootstrap broker localhost:9092 (id: -1 rack: null) disconnected
2025-01-03T03:29:56.024+01:00  INFO 122812 --- [Users_microservice] [vice-producer-1] org.apache.kafka.clients.NetworkClient   : [Producer clientId=Users_microservice-producer-1] Node -1 disconnected.
2025-01-03T03:29:56.025+01:00  WARN 122812 --- [Users_microservice] [vice-producer-1] org.apache.kafka.clients.NetworkClient   : [Producer clientId=Users_microservice-producer-1] Connection to node -1 (localhost/127.0.0.1:9092) could not be established. Node may not be available.
2025-01-03T03:29:56.025+01:00  WARN 122812 --- [Users_microservice] [vice-producer-1] org.apache.kafka.clients.NetworkClient   : [Producer clientId=Users_microservice-producer-1] Bootstrap broker localhost:9092 (id: -1 rack: null) disconnected
2025-01-03T03:29:56.929+01:00  INFO 122812 --- [Users_microservice] [vice-producer-1] org.apache.kafka.clients.NetworkClient   : [Producer clientId=Users_microservice-producer-1] Node -1 disconnected.
2025-01-03T03:29:56.929+01:00  WARN 122812 --- [Users_microservice] [vice-producer-1] org.apache.kafka.clients.NetworkClient   : [Producer clientId=Users_microservice-producer-1] Connection to node -1 (localhost/127.0.0.1:9092) could not be established. Node may not be available.
2025-01-03T03:29:56.929+01:00  WARN 122812 --- [Users_microservice] [vice-producer-1] org.apache.kafka.clients.NetworkClient   : [Producer clientId=Users_microservice-producer-1] Bootstrap broker localhost:9092 (id: -1 rack: null) disconnected
2025-01-03T03:29:57.834+01:00  INFO 122812 --- [Users_microservice] [vice-producer-1] org.apache.kafka.clients.NetworkClient   : [Producer clientId=Users_microservice-producer-1] Node -1 disconnected.
2025-01-03T03:29:57.835+01:00  WARN 122812 --- [Users_microservice] [vice-producer-1] org.apache.kafka.clients.NetworkClient   : [Producer clientId=Users_microservice-producer-1] Connection to node -1 (localhost/127.0.0.1:9092) could not be established. Node may not be available.
2025-01-03T03:29:57.835+01:00  WARN 122812 --- [Users_microservice] [vice-producer-1] org.apache.kafka.clients.NetworkClient   : [Producer clientId=Users_microservice-producer-1] Bootstrap broker localhost:9092 (id: -1 rack: null) disconnected
2025-01-03T03:29:58.690+01:00  INFO 122812 --- [Users_microservice] [vice-producer-1] org.apache.kafka.clients.NetworkClient   : [Producer clientId=Users_microservice-producer-1] Node -1 disconnected.
2025-01-03T03:29:58.690+01:00  WARN 122812 --- [Users_microservice] [vice-producer-1] org.apache.kafka.clients.NetworkClient   : [Producer clientId=Users_microservice-producer-1] Connection to node -1 (localhost/127.0.0.1:9092) could not be established. Node may not be available.
2025-01-03T03:29:58.690+01:00  WARN 122812 --- [Users_microservice] [vice-producer-1] org.apache.kafka.clients.NetworkClient   : [Producer clientId=Users_microservice-producer-1] Bootstrap broker localhost:9092 (id: -1 rack: null) disconnected
2025-01-03T03:29:59.691+01:00  INFO 122812 --- [Users_microservice] [vice-producer-1] org.apache.kafka.clients.NetworkClient   : [Producer clientId=Users_microservice-producer-1] Node -1 disconnected.
2025-01-03T03:29:59.691+01:00  WARN 122812 --- [Users_microservice] [vice-producer-1] org.apache.kafka.clients.NetworkClient   : [Producer clientId=Users_microservice-producer-1] Connection to node -1 (localhost/127.0.0.1:9092) could not be established. Node may not be available.
2025-01-03T03:29:59.691+01:00  WARN 122812 --- [Users_microservice] [vice-producer-1] org.apache.kafka.clients.NetworkClient   : [Producer clientId=Users_microservice-producer-1] Bootstrap broker localhost:9092 (id: -1 rack: null) disconnected
2025-01-03T03:30:00.696+01:00  INFO 122812 --- [Users_microservice] [vice-producer-1] org.apache.kafka.clients.NetworkClient   : [Producer clientId=Users_microservice-producer-1] Node -1 disconnected.
2025-01-03T03:30:00.696+01:00  WARN 122812 --- [Users_microservice] [vice-producer-1] org.apache.kafka.clients.NetworkClient   : [Producer clientId=Users_microservice-producer-1] Connection to node -1 (localhost/127.0.0.1:9092) could not be established. Node may not be available.
2025-01-03T03:30:00.697+01:00  WARN 122812 --- [Users_microservice] [vice-producer-1] org.apache.kafka.clients.NetworkClient   : [Producer clientId=Users_microservice-producer-1] Bootstrap broker localhost:9092 (id: -1 rack: null) disconnected
2025-01-03T03:30:01.697+01:00  INFO 122812 --- [Users_microservice] [vice-producer-1] org.apache.kafka.clients.NetworkClient   : [Producer clientId=Users_microservice-producer-1] Node -1 disconnected.
2025-01-03T03:30:01.698+01:00  WARN 122812 --- [Users_microservice] [vice-producer-1] org.apache.kafka.clients.NetworkClient   : [Producer clientId=Users_microservice-producer-1] Connection to node -1 (localhost/127.0.0.1:9092) could not be established. Node may not be available.
2025-01-03T03:30:01.698+01:00  WARN 122812 --- [Users_microservice] [vice-producer-1] org.apache.kafka.clients.NetworkClient   : [Producer clientId=Users_microservice-producer-1] Bootstrap broker localhost:9092 (id: -1 rack: null) disconnected
2025-01-03T03:30:02.698+01:00  INFO 122812 --- [Users_microservice] [vice-producer-1] org.apache.kafka.clients.NetworkClient   : [Producer clientId=Users_microservice-producer-1] Node -1 disconnected.
2025-01-03T03:30:02.698+01:00  WARN 122812 --- [Users_microservice] [vice-producer-1] org.apache.kafka.clients.NetworkClient   : [Producer clientId=Users_microservice-producer-1] Connection to node -1 (localhost/127.0.0.1:9092) could not be established. Node may not be available.
2025-01-03T03:30:02.699+01:00  WARN 122812 --- [Users_microservice] [vice-producer-1] org.apache.kafka.clients.NetworkClient   : [Producer clientId=Users_microservice-producer-1] Bootstrap broker localhost:9092 (id: -1 rack: null) disconnected
2025-01-03T03:30:03.695+01:00  INFO 122812 --- [Users_microservice] [vice-producer-1] org.apache.kafka.clients.NetworkClient   : [Producer clientId=Users_microservice-producer-1] Node -1 disconnected.
2025-01-03T03:30:03.695+01:00  WARN 122812 --- [Users_microservice] [vice-producer-1] org.apache.kafka.clients.NetworkClient   : [Producer clientId=Users_microservice-producer-1] Connection to node -1 (localhost/127.0.0.1:9092) could not be established. Node may not be available.
2025-01-03T03:30:03.695+01:00  WARN 122812 --- [Users_microservice] [vice-producer-1] org.apache.kafka.clients.NetworkClient   : [Producer clientId=Users_microservice-producer-1] Bootstrap broker localhost:9092 (id: -1 rack: null) disconnected
2025-01-03T03:30:04.550+01:00  INFO 122812 --- [Users_microservice] [vice-producer-1] org.apache.kafka.clients.NetworkClient   : [Producer clientId=Users_microservice-producer-1] Node -1 disconnected.
2025-01-03T03:30:04.550+01:00  WARN 122812 --- [Users_microservice] [vice-producer-1] org.apache.kafka.clients.NetworkClient   : [Producer clientId=Users_microservice-producer-1] Connection to node -1 (localhost/127.0.0.1:9092) could not be established. Node may not be available.
2025-01-03T03:30:04.550+01:00  WARN 122812 --- [Users_microservice] [vice-producer-1] org.apache.kafka.clients.NetworkClient   : [Producer clientId=Users_microservice-producer-1] Bootstrap broker localhost:9092 (id: -1 rack: null) disconnected
2025-01-03T03:30:05.354+01:00  INFO 122812 --- [Users_microservice] [vice-producer-1] org.apache.kafka.clients.NetworkClient   : [Producer clientId=Users_microservice-producer-1] Node -1 disconnected.
2025-01-03T03:30:05.355+01:00  WARN 122812 --- [Users_microservice] [vice-producer-1] org.apache.kafka.clients.NetworkClient   : [Producer clientId=Users_microservice-producer-1] Connection to node -1 (localhost/127.0.0.1:9092) could not be established. Node may not be available.
2025-01-03T03:30:05.355+01:00  WARN 122812 --- [Users_microservice] [vice-producer-1] org.apache.kafka.clients.NetworkClient   : [Producer clientId=Users_microservice-producer-1] Bootstrap broker localhost:9092 (id: -1 rack: null) disconnected
2025-01-03T03:30:06.378+01:00  INFO 122812 --- [Users_microservice] [vice-producer-1] org.apache.kafka.clients.NetworkClient   : [Producer clientId=Users_microservice-producer-1] Node -1 disconnected.
2025-01-03T03:30:06.378+01:00  WARN 122812 --- [Users_microservice] [vice-producer-1] org.apache.kafka.clients.NetworkClient   : [Producer clientId=Users_microservice-producer-1] Connection to node -1 (localhost/127.0.0.1:9092) could not be established. Node may not be available.
2025-01-03T03:30:06.379+01:00  WARN 122812 --- [Users_microservice] [vice-producer-1] org.apache.kafka.clients.NetworkClient   : [Producer clientId=Users_microservice-producer-1] Bootstrap broker localhost:9092 (id: -1 rack: null) disconnected
2025-01-03T03:30:07.379+01:00  INFO 122812 --- [Users_microservice] [vice-producer-1] org.apache.kafka.clients.NetworkClient   : [Producer clientId=Users_microservice-producer-1] Node -1 disconnected.
2025-01-03T03:30:07.379+01:00  WARN 122812 --- [Users_microservice] [vice-producer-1] org.apache.kafka.clients.NetworkClient   : [Producer clientId=Users_microservice-producer-1] Connection to node -1 (localhost/127.0.0.1:9092) could not be established. Node may not be available.
2025-01-03T03:30:07.379+01:00  WARN 122812 --- [Users_microservice] [vice-producer-1] org.apache.kafka.clients.NetworkClient   : [Producer clientId=Users_microservice-producer-1] Bootstrap broker localhost:9092 (id: -1 rack: null) disconnected
2025-01-03T03:30:08.333+01:00  INFO 122812 --- [Users_microservice] [vice-producer-1] org.apache.kafka.clients.NetworkClient   : [Producer clientId=Users_microservice-producer-1] Node -1 disconnected.
2025-01-03T03:30:08.333+01:00  WARN 122812 --- [Users_microservice] [vice-producer-1] org.apache.kafka.clients.NetworkClient   : [Producer clientId=Users_microservice-producer-1] Connection to node -1 (localhost/127.0.0.1:9092) could not be established. Node may not be available.
2025-01-03T03:30:08.334+01:00  WARN 122812 --- [Users_microservice] [vice-producer-1] org.apache.kafka.clients.NetworkClient   : [Producer clientId=Users_microservice-producer-1] Bootstrap broker localhost:9092 (id: -1 rack: null) disconnected
2025-01-03T03:30:09.176+01:00 ERROR 122812 --- [Users_microservice] [           main] o.s.k.support.LoggingProducerListener    : Exception thrown when sending a message with key='e156da51-f6ea-4f84-8c83-38ee182ff285' and payload='com.banque.events.UserEvent@2d170dac' to topic user-events:

org.apache.kafka.common.errors.TimeoutException: Topic user-events not present in metadata after 60000 ms.

]]></system-out>
  </testcase>
  <testcase name="getClientById_should_return_not_found_when_not_exist" classname="com.banque.users_microservice.controller.ClientControllerIT" time="0.008"/>
  <testcase name="deleteClient_should_return_no_content" classname="com.banque.users_microservice.controller.ClientControllerIT" time="0.008">
    <error message="Row was updated or deleted by another transaction (or unsaved-value mapping was incorrect): [com.banque.users_microservice.entity.Client#a50066b1-6b09-400f-b73f-5a257d8ca244]" type="org.springframework.orm.ObjectOptimisticLockingFailureException"><![CDATA[org.springframework.orm.ObjectOptimisticLockingFailureException: Row was updated or deleted by another transaction (or unsaved-value mapping was incorrect): [com.banque.users_microservice.entity.Client#a50066b1-6b09-400f-b73f-5a257d8ca244]
	at org.springframework.orm.jpa.vendor.HibernateJpaDialect.convertHibernateAccessException(HibernateJpaDialect.java:325)
	at org.springframework.orm.jpa.vendor.HibernateJpaDialect.translateExceptionIfPossible(HibernateJpaDialect.java:244)
	at org.springframework.orm.jpa.AbstractEntityManagerFactoryBean.translateExceptionIfPossible(AbstractEntityManagerFactoryBean.java:560)
	at org.springframework.dao.support.ChainedPersistenceExceptionTranslator.translateExceptionIfPossible(ChainedPersistenceExceptionTranslator.java:61)
	at org.springframework.dao.support.DataAccessUtils.translateIfNecessary(DataAccessUtils.java:343)
	at org.springframework.dao.support.PersistenceExceptionTranslationInterceptor.invoke(PersistenceExceptionTranslationInterceptor.java:160)
	at org.springframework.aop.framework.ReflectiveMethodInvocation.proceed(ReflectiveMethodInvocation.java:184)
	at org.springframework.data.jpa.repository.support.CrudMethodMetadataPostProcessor$CrudMethodMetadataPopulatingMethodInterceptor.invoke(CrudMethodMetadataPostProcessor.java:165)
	at org.springframework.aop.framework.ReflectiveMethodInvocation.proceed(ReflectiveMethodInvocation.java:184)
	at org.springframework.aop.framework.JdkDynamicAopProxy.invoke(JdkDynamicAopProxy.java:223)
	at jdk.proxy2/jdk.proxy2.$Proxy127.save(Unknown Source)
	at com.banque.users_microservice.controller.ClientControllerIT.deleteClient_should_return_no_content(ClientControllerIT.java:117)
	at java.base/java.lang.reflect.Method.invoke(Method.java:580)
	at java.base/java.util.ArrayList.forEach(ArrayList.java:1596)
	at java.base/java.util.ArrayList.forEach(ArrayList.java:1596)
Caused by: org.hibernate.StaleObjectStateException: Row was updated or deleted by another transaction (or unsaved-value mapping was incorrect): [com.banque.users_microservice.entity.Client#a50066b1-6b09-400f-b73f-5a257d8ca244]
	at org.hibernate.event.internal.DefaultMergeEventListener.entityIsDetached(DefaultMergeEventListener.java:426)
	at org.hibernate.event.internal.DefaultMergeEventListener.merge(DefaultMergeEventListener.java:214)
	at org.hibernate.event.internal.DefaultMergeEventListener.doMerge(DefaultMergeEventListener.java:152)
	at org.hibernate.event.internal.DefaultMergeEventListener.onMerge(DefaultMergeEventListener.java:136)
	at org.hibernate.event.internal.DefaultMergeEventListener.onMerge(DefaultMergeEventListener.java:89)
	at org.hibernate.event.service.internal.EventListenerGroupImpl.fireEventOnEachListener(EventListenerGroupImpl.java:127)
	at org.hibernate.internal.SessionImpl.fireMerge(SessionImpl.java:854)
	at org.hibernate.internal.SessionImpl.merge(SessionImpl.java:840)
	at java.base/jdk.internal.reflect.DirectMethodHandleAccessor.invoke(DirectMethodHandleAccessor.java:103)
	at java.base/java.lang.reflect.Method.invoke(Method.java:580)
	at org.springframework.orm.jpa.SharedEntityManagerCreator$SharedEntityManagerInvocationHandler.invoke(SharedEntityManagerCreator.java:320)
	at jdk.proxy2/jdk.proxy2.$Proxy122.merge(Unknown Source)
	at org.springframework.data.jpa.repository.support.SimpleJpaRepository.save(SimpleJpaRepository.java:626)
	at java.base/jdk.internal.reflect.DirectMethodHandleAccessor.invoke(DirectMethodHandleAccessor.java:103)
	at java.base/java.lang.reflect.Method.invoke(Method.java:580)
	at org.springframework.aop.support.AopUtils.invokeJoinpointUsingReflection(AopUtils.java:359)
	at org.springframework.data.repository.core.support.RepositoryMethodInvoker$RepositoryFragmentMethodInvoker.lambda$new$0(RepositoryMethodInvoker.java:277)
	at org.springframework.data.repository.core.support.RepositoryMethodInvoker.doInvoke(RepositoryMethodInvoker.java:170)
	at org.springframework.data.repository.core.support.RepositoryMethodInvoker.invoke(RepositoryMethodInvoker.java:158)
	at org.springframework.data.repository.core.support.RepositoryComposition$RepositoryFragments.invoke(RepositoryComposition.java:515)
	at org.springframework.data.repository.core.support.RepositoryComposition.invoke(RepositoryComposition.java:284)
	at org.springframework.data.repository.core.support.RepositoryFactorySupport$ImplementationMethodExecutionInterceptor.invoke(RepositoryFactorySupport.java:752)
	at org.springframework.aop.framework.ReflectiveMethodInvocation.proceed(ReflectiveMethodInvocation.java:184)
	at org.springframework.data.repository.core.support.QueryExecutorMethodInterceptor.doInvoke(QueryExecutorMethodInterceptor.java:174)
	at org.springframework.data.repository.core.support.QueryExecutorMethodInterceptor.invoke(QueryExecutorMethodInterceptor.java:149)
	at org.springframework.aop.framework.ReflectiveMethodInvocation.proceed(ReflectiveMethodInvocation.java:184)
	at org.springframework.data.projection.DefaultMethodInvokingMethodInterceptor.invoke(DefaultMethodInvokingMethodInterceptor.java:69)
	at org.springframework.aop.framework.ReflectiveMethodInvocation.proceed(ReflectiveMethodInvocation.java:184)
	at org.springframework.transaction.interceptor.TransactionAspectSupport.invokeWithinTransaction(TransactionAspectSupport.java:380)
	at org.springframework.transaction.interceptor.TransactionInterceptor.invoke(TransactionInterceptor.java:119)
	at org.springframework.aop.framework.ReflectiveMethodInvocation.proceed(ReflectiveMethodInvocation.java:184)
	at org.springframework.dao.support.PersistenceExceptionTranslationInterceptor.invoke(PersistenceExceptionTranslationInterceptor.java:138)
	... 9 more
]]></error>
  </testcase>
  <testcase name="updateClient_should_return_updated_client" classname="com.banque.users_microservice.controller.ClientControllerIT" time="0.007">
    <error message="Row was updated or deleted by another transaction (or unsaved-value mapping was incorrect): [com.banque.users_microservice.entity.Client#424d1e04-d19c-49d8-bcaa-2677d0c5ff83]" type="org.springframework.orm.ObjectOptimisticLockingFailureException"><![CDATA[org.springframework.orm.ObjectOptimisticLockingFailureException: Row was updated or deleted by another transaction (or unsaved-value mapping was incorrect): [com.banque.users_microservice.entity.Client#424d1e04-d19c-49d8-bcaa-2677d0c5ff83]
	at org.springframework.orm.jpa.vendor.HibernateJpaDialect.convertHibernateAccessException(HibernateJpaDialect.java:325)
	at org.springframework.orm.jpa.vendor.HibernateJpaDialect.translateExceptionIfPossible(HibernateJpaDialect.java:244)
	at org.springframework.orm.jpa.AbstractEntityManagerFactoryBean.translateExceptionIfPossible(AbstractEntityManagerFactoryBean.java:560)
	at org.springframework.dao.support.ChainedPersistenceExceptionTranslator.translateExceptionIfPossible(ChainedPersistenceExceptionTranslator.java:61)
	at org.springframework.dao.support.DataAccessUtils.translateIfNecessary(DataAccessUtils.java:343)
	at org.springframework.dao.support.PersistenceExceptionTranslationInterceptor.invoke(PersistenceExceptionTranslationInterceptor.java:160)
	at org.springframework.aop.framework.ReflectiveMethodInvocation.proceed(ReflectiveMethodInvocation.java:184)
	at org.springframework.data.jpa.repository.support.CrudMethodMetadataPostProcessor$CrudMethodMetadataPopulatingMethodInterceptor.invoke(CrudMethodMetadataPostProcessor.java:165)
	at org.springframework.aop.framework.ReflectiveMethodInvocation.proceed(ReflectiveMethodInvocation.java:184)
	at org.springframework.aop.framework.JdkDynamicAopProxy.invoke(JdkDynamicAopProxy.java:223)
	at jdk.proxy2/jdk.proxy2.$Proxy127.save(Unknown Source)
	at com.banque.users_microservice.controller.ClientControllerIT.updateClient_should_return_updated_client(ClientControllerIT.java:79)
	at java.base/java.lang.reflect.Method.invoke(Method.java:580)
	at java.base/java.util.ArrayList.forEach(ArrayList.java:1596)
	at java.base/java.util.ArrayList.forEach(ArrayList.java:1596)
Caused by: org.hibernate.StaleObjectStateException: Row was updated or deleted by another transaction (or unsaved-value mapping was incorrect): [com.banque.users_microservice.entity.Client#424d1e04-d19c-49d8-bcaa-2677d0c5ff83]
	at org.hibernate.event.internal.DefaultMergeEventListener.entityIsDetached(DefaultMergeEventListener.java:426)
	at org.hibernate.event.internal.DefaultMergeEventListener.merge(DefaultMergeEventListener.java:214)
	at org.hibernate.event.internal.DefaultMergeEventListener.doMerge(DefaultMergeEventListener.java:152)
	at org.hibernate.event.internal.DefaultMergeEventListener.onMerge(DefaultMergeEventListener.java:136)
	at org.hibernate.event.internal.DefaultMergeEventListener.onMerge(DefaultMergeEventListener.java:89)
	at org.hibernate.event.service.internal.EventListenerGroupImpl.fireEventOnEachListener(EventListenerGroupImpl.java:127)
	at org.hibernate.internal.SessionImpl.fireMerge(SessionImpl.java:854)
	at org.hibernate.internal.SessionImpl.merge(SessionImpl.java:840)
	at java.base/jdk.internal.reflect.DirectMethodHandleAccessor.invoke(DirectMethodHandleAccessor.java:103)
	at java.base/java.lang.reflect.Method.invoke(Method.java:580)
	at org.springframework.orm.jpa.SharedEntityManagerCreator$SharedEntityManagerInvocationHandler.invoke(SharedEntityManagerCreator.java:320)
	at jdk.proxy2/jdk.proxy2.$Proxy122.merge(Unknown Source)
	at org.springframework.data.jpa.repository.support.SimpleJpaRepository.save(SimpleJpaRepository.java:626)
	at java.base/jdk.internal.reflect.DirectMethodHandleAccessor.invoke(DirectMethodHandleAccessor.java:103)
	at java.base/java.lang.reflect.Method.invoke(Method.java:580)
	at org.springframework.aop.support.AopUtils.invokeJoinpointUsingReflection(AopUtils.java:359)
	at org.springframework.data.repository.core.support.RepositoryMethodInvoker$RepositoryFragmentMethodInvoker.lambda$new$0(RepositoryMethodInvoker.java:277)
	at org.springframework.data.repository.core.support.RepositoryMethodInvoker.doInvoke(RepositoryMethodInvoker.java:170)
	at org.springframework.data.repository.core.support.RepositoryMethodInvoker.invoke(RepositoryMethodInvoker.java:158)
	at org.springframework.data.repository.core.support.RepositoryComposition$RepositoryFragments.invoke(RepositoryComposition.java:515)
	at org.springframework.data.repository.core.support.RepositoryComposition.invoke(RepositoryComposition.java:284)
	at org.springframework.data.repository.core.support.RepositoryFactorySupport$ImplementationMethodExecutionInterceptor.invoke(RepositoryFactorySupport.java:752)
	at org.springframework.aop.framework.ReflectiveMethodInvocation.proceed(ReflectiveMethodInvocation.java:184)
	at org.springframework.data.repository.core.support.QueryExecutorMethodInterceptor.doInvoke(QueryExecutorMethodInterceptor.java:174)
	at org.springframework.data.repository.core.support.QueryExecutorMethodInterceptor.invoke(QueryExecutorMethodInterceptor.java:149)
	at org.springframework.aop.framework.ReflectiveMethodInvocation.proceed(ReflectiveMethodInvocation.java:184)
	at org.springframework.data.projection.DefaultMethodInvokingMethodInterceptor.invoke(DefaultMethodInvokingMethodInterceptor.java:69)
	at org.springframework.aop.framework.ReflectiveMethodInvocation.proceed(ReflectiveMethodInvocation.java:184)
	at org.springframework.transaction.interceptor.TransactionAspectSupport.invokeWithinTransaction(TransactionAspectSupport.java:380)
	at org.springframework.transaction.interceptor.TransactionInterceptor.invoke(TransactionInterceptor.java:119)
	at org.springframework.aop.framework.ReflectiveMethodInvocation.proceed(ReflectiveMethodInvocation.java:184)
	at org.springframework.dao.support.PersistenceExceptionTranslationInterceptor.invoke(PersistenceExceptionTranslationInterceptor.java:138)
	... 9 more
]]></error>
  </testcase>
</testsuite>